[2017-12-18 16:04:54] INFO : Starting CMSApplication on jason-PC with PID 3552 (E:\jasonWorkSpace\szy_workspace\szy-cms-web\target\classes started by jason in E:\jasonWorkSpace\szy_workspace\szy-cms-web)
[2017-12-18 16:04:54] INFO : The following profiles are active: dev
[2017-12-18 16:26:52] INFO : Starting CMSApplication on jason-PC with PID 6080 (E:\jasonWorkSpace\szy_workspace\szy-cms-web\target\classes started by jason in E:\jasonWorkSpace\szy_workspace\szy-cms-web)
[2017-12-18 16:26:52] INFO : The following profiles are active: dev
[2017-12-18 16:31:00] INFO : Started CMSApplication in 248.29 seconds (JVM running for 248.827)
[2017-12-18 16:54:10] INFO : Starting CMSApplication on jason-PC with PID 5704 (E:\jasonWorkSpace\szy_workspace\szy-cms-web\target\classes started by jason in E:\jasonWorkSpace\szy_workspace\szy-cms-web)
[2017-12-18 16:54:10] INFO : The following profiles are active: dev
[2017-12-18 16:58:18] INFO : Started CMSApplication in 248.593 seconds (JVM running for 249.163)
[2017-12-18 17:36:33] INFO : Starting CMSApplication on jason-PC with PID 8180 (E:\jasonWorkSpace\szy_workspace\szy-cms-web\target\classes started by jason in E:\jasonWorkSpace\szy_workspace\szy-cms-web)
[2017-12-18 17:36:33] INFO : The following profiles are active: dev
[2017-12-18 17:43:08] INFO : Starting CMSApplication on jason-PC with PID 7240 (E:\jasonWorkSpace\szy_workspace\szy-cms-web\target\classes started by jason in E:\jasonWorkSpace\szy_workspace\szy-cms-web)
[2017-12-18 17:43:08] INFO : The following profiles are active: dev
[2017-12-19 11:23:35] INFO : Starting CMSApplication on jason-PC with PID 4496 (E:\jasonWorkSpace\szy_workspace\szy-cms-web\target\classes started by jason in E:\jasonWorkSpace\szy_workspace\szy-cms-web)
[2017-12-19 11:23:35] INFO : The following profiles are active: dev
[2017-12-19 11:23:41] INFO : Started CMSApplication in 6.081 seconds (JVM running for 6.604)
[2017-12-19 11:23:52] INFO : ip=0:0:0:0:0:0:0:1,url=/error,ua=Mozilla/5.0 (Windows NT 6.1; WOW64) AppleWebKit/537.36 (KHTML, like Gecko) Chrome/62.0.3202.89 Safari/537.36,terminalType=null,terminalName=null,channelId=null,devicesId=null`action=`userid=null`sid=346350fc-c324-4ed8-9327-9ec4b481e010_1513653832264`
[2017-12-19 11:23:52] INFO : ip=0:0:0:0:0:0:0:1,url=/error,ua=Mozilla/5.0 (Windows NT 6.1; WOW64) AppleWebKit/537.36 (KHTML, like Gecko) Chrome/62.0.3202.89 Safari/537.36,terminalType=null,terminalName=null,channelId=null,devicesId=null`action=`userid=null`sid=64b38afc-9585-4ceb-9bf5-9826dfbabac6_1513653832284`
[2017-12-19 11:23:52] INFO : ip=0:0:0:0:0:0:0:1,url=/error,ua=Mozilla/5.0 (Windows NT 6.1; WOW64) AppleWebKit/537.36 (KHTML, like Gecko) Chrome/62.0.3202.89 Safari/537.36,terminalType=null,terminalName=null,channelId=null,devicesId=null`action=`userid=null`sid=a1613922-6cbe-4e81-aa50-b1c2fc074ff1_1513653832295`
[2017-12-19 11:23:52] INFO : ip=0:0:0:0:0:0:0:1,url=/error,ua=Mozilla/5.0 (Windows NT 6.1; WOW64) AppleWebKit/537.36 (KHTML, like Gecko) Chrome/62.0.3202.89 Safari/537.36,terminalType=null,terminalName=null,channelId=null,devicesId=null`action=`userid=null`sid=8d1dc2f2-5d3e-4e6e-a91a-537062bf0601_1513653832306`
[2017-12-19 11:23:52] INFO : ip=0:0:0:0:0:0:0:1,url=/error,ua=Mozilla/5.0 (Windows NT 6.1; WOW64) AppleWebKit/537.36 (KHTML, like Gecko) Chrome/62.0.3202.89 Safari/537.36,terminalType=null,terminalName=null,channelId=null,devicesId=null`action=`userid=null`sid=4e29cd34-59fa-4434-aa90-ec1bec9db69e_1513653832317`
[2017-12-19 11:23:52] INFO : ip=0:0:0:0:0:0:0:1,url=/error,ua=Mozilla/5.0 (Windows NT 6.1; WOW64) AppleWebKit/537.36 (KHTML, like Gecko) Chrome/62.0.3202.89 Safari/537.36,terminalType=null,terminalName=null,channelId=null,devicesId=null`action=`userid=null`sid=fc55875b-4c16-4085-8e39-ab981a3cd019_1513653832329`
[2017-12-19 11:23:52] INFO : ip=0:0:0:0:0:0:0:1,url=/error,ua=Mozilla/5.0 (Windows NT 6.1; WOW64) AppleWebKit/537.36 (KHTML, like Gecko) Chrome/62.0.3202.89 Safari/537.36,terminalType=null,terminalName=null,channelId=null,devicesId=null`action=`userid=null`sid=3fdebd5b-1184-410f-830d-5f3d0af2508e_1513653832340`
[2017-12-19 11:23:52] INFO : ip=0:0:0:0:0:0:0:1,url=/error,ua=Mozilla/5.0 (Windows NT 6.1; WOW64) AppleWebKit/537.36 (KHTML, like Gecko) Chrome/62.0.3202.89 Safari/537.36,terminalType=null,terminalName=null,channelId=null,devicesId=null`action=`userid=null`sid=0d2d4ae6-cd6c-44a1-899d-d843ccba55f3_1513653832349`
[2017-12-19 11:23:52] INFO : ip=0:0:0:0:0:0:0:1,url=/error,ua=Mozilla/5.0 (Windows NT 6.1; WOW64) AppleWebKit/537.36 (KHTML, like Gecko) Chrome/62.0.3202.89 Safari/537.36,terminalType=null,terminalName=null,channelId=null,devicesId=null`action=`userid=null`sid=8ad2ece1-798c-482a-b89c-ddbeff457d1a_1513653832358`
[2017-12-19 11:23:52] INFO : ip=0:0:0:0:0:0:0:1,url=/error,ua=Mozilla/5.0 (Windows NT 6.1; WOW64) AppleWebKit/537.36 (KHTML, like Gecko) Chrome/62.0.3202.89 Safari/537.36,terminalType=null,terminalName=null,channelId=null,devicesId=null`action=`userid=null`sid=d1804f28-c970-4800-832b-ed6fc9b25fc0_1513653832368`
[2017-12-19 11:23:52] INFO : ip=0:0:0:0:0:0:0:1,url=/error,ua=Mozilla/5.0 (Windows NT 6.1; WOW64) AppleWebKit/537.36 (KHTML, like Gecko) Chrome/62.0.3202.89 Safari/537.36,terminalType=null,terminalName=null,channelId=null,devicesId=null`action=`userid=null`sid=6f854a0f-6feb-4841-8dff-06545afc134f_1513653832376`
[2017-12-19 11:23:52] INFO : ip=0:0:0:0:0:0:0:1,url=/error,ua=Mozilla/5.0 (Windows NT 6.1; WOW64) AppleWebKit/537.36 (KHTML, like Gecko) Chrome/62.0.3202.89 Safari/537.36,terminalType=null,terminalName=null,channelId=null,devicesId=null`action=`userid=null`sid=3e0a05b7-b521-4551-8c8d-dc199c667040_1513653832385`
[2017-12-19 11:23:52] INFO : ip=0:0:0:0:0:0:0:1,url=/error,ua=Mozilla/5.0 (Windows NT 6.1; WOW64) AppleWebKit/537.36 (KHTML, like Gecko) Chrome/62.0.3202.89 Safari/537.36,terminalType=null,terminalName=null,channelId=null,devicesId=null`action=`userid=null`sid=0767cdef-c78a-4502-8315-e427fda7c85a_1513653832393`
[2017-12-19 11:23:52] INFO : ip=0:0:0:0:0:0:0:1,url=/error,ua=Mozilla/5.0 (Windows NT 6.1; WOW64) AppleWebKit/537.36 (KHTML, like Gecko) Chrome/62.0.3202.89 Safari/537.36,terminalType=null,terminalName=null,channelId=null,devicesId=null`action=`userid=null`sid=547620ee-5349-4c32-9277-49214016ddfa_1513653832402`
[2017-12-19 11:23:52] INFO : ip=0:0:0:0:0:0:0:1,url=/error,ua=Mozilla/5.0 (Windows NT 6.1; WOW64) AppleWebKit/537.36 (KHTML, like Gecko) Chrome/62.0.3202.89 Safari/537.36,terminalType=null,terminalName=null,channelId=null,devicesId=null`action=`userid=null`sid=1d18edc1-6198-4225-811a-e2cc704ae679_1513653832411`
[2017-12-19 11:23:52] INFO : ip=0:0:0:0:0:0:0:1,url=/error,ua=Mozilla/5.0 (Windows NT 6.1; WOW64) AppleWebKit/537.36 (KHTML, like Gecko) Chrome/62.0.3202.89 Safari/537.36,terminalType=null,terminalName=null,channelId=null,devicesId=null`action=`userid=null`sid=3343d37d-39c8-48d8-962d-358122fcdf71_1513653832420`
[2017-12-19 11:23:52] INFO : ip=0:0:0:0:0:0:0:1,url=/error,ua=Mozilla/5.0 (Windows NT 6.1; WOW64) AppleWebKit/537.36 (KHTML, like Gecko) Chrome/62.0.3202.89 Safari/537.36,terminalType=null,terminalName=null,channelId=null,devicesId=null`action=`userid=null`sid=070e4ec8-c731-49c4-a43d-e8048da2fb53_1513653832428`
[2017-12-19 11:23:52] INFO : ip=0:0:0:0:0:0:0:1,url=/error,ua=Mozilla/5.0 (Windows NT 6.1; WOW64) AppleWebKit/537.36 (KHTML, like Gecko) Chrome/62.0.3202.89 Safari/537.36,terminalType=null,terminalName=null,channelId=null,devicesId=null`action=`userid=null`sid=cf30a47e-19ae-42e8-b8a0-721eb2e427e9_1513653832435`
[2017-12-19 11:23:52] INFO : ip=0:0:0:0:0:0:0:1,url=/error,ua=Mozilla/5.0 (Windows NT 6.1; WOW64) AppleWebKit/537.36 (KHTML, like Gecko) Chrome/62.0.3202.89 Safari/537.36,terminalType=null,terminalName=null,channelId=null,devicesId=null`action=`userid=null`sid=b4886043-fb11-47eb-bdb4-513ce85d6e0b_1513653832442`
[2017-12-19 11:23:52] INFO : ip=0:0:0:0:0:0:0:1,url=/error,ua=Mozilla/5.0 (Windows NT 6.1; WOW64) AppleWebKit/537.36 (KHTML, like Gecko) Chrome/62.0.3202.89 Safari/537.36,terminalType=null,terminalName=null,channelId=null,devicesId=null`action=`userid=null`sid=707562e4-4f96-4886-af00-92ebb196efd5_1513653832449`
[2017-12-19 11:23:52] INFO : ip=0:0:0:0:0:0:0:1,url=/error,ua=Mozilla/5.0 (Windows NT 6.1; WOW64) AppleWebKit/537.36 (KHTML, like Gecko) Chrome/62.0.3202.89 Safari/537.36,terminalType=null,terminalName=null,channelId=null,devicesId=null`action=`userid=null`sid=ccfc7765-cf09-4149-8b7c-bc0e6d0584d5_1513653832456`
[2017-12-19 11:24:38] INFO : Starting CMSApplication on jason-PC with PID 5068 (E:\jasonWorkSpace\szy_workspace\szy-cms-web\target\classes started by jason in E:\jasonWorkSpace\szy_workspace\szy-cms-web)
[2017-12-19 11:24:38] INFO : The following profiles are active: dev
[2017-12-19 11:24:43] INFO : Started CMSApplication in 6.114 seconds (JVM running for 6.665)
[2017-12-19 11:24:56] INFO : ip=0:0:0:0:0:0:0:1,url=/error,ua=Mozilla/5.0 (Windows NT 6.1; WOW64) AppleWebKit/537.36 (KHTML, like Gecko) Chrome/62.0.3202.89 Safari/537.36,terminalType=null,terminalName=null,channelId=null,devicesId=null`action=`userid=null`sid=684d2787-3049-453d-ad29-eb04f16749bd_1513653896078`
[2017-12-19 11:24:56] INFO : ip=0:0:0:0:0:0:0:1,url=/error,ua=Mozilla/5.0 (Windows NT 6.1; WOW64) AppleWebKit/537.36 (KHTML, like Gecko) Chrome/62.0.3202.89 Safari/537.36,terminalType=null,terminalName=null,channelId=null,devicesId=null`action=`userid=null`sid=411320c3-7f6c-497d-8672-d3c15e8ea1bb_1513653896098`
[2017-12-19 11:24:56] INFO : ip=0:0:0:0:0:0:0:1,url=/error,ua=Mozilla/5.0 (Windows NT 6.1; WOW64) AppleWebKit/537.36 (KHTML, like Gecko) Chrome/62.0.3202.89 Safari/537.36,terminalType=null,terminalName=null,channelId=null,devicesId=null`action=`userid=null`sid=f9556f24-3acd-4fc6-8c73-83c03d4d7fcb_1513653896110`
[2017-12-19 11:24:56] INFO : ip=0:0:0:0:0:0:0:1,url=/error,ua=Mozilla/5.0 (Windows NT 6.1; WOW64) AppleWebKit/537.36 (KHTML, like Gecko) Chrome/62.0.3202.89 Safari/537.36,terminalType=null,terminalName=null,channelId=null,devicesId=null`action=`userid=null`sid=baa3e47d-7338-4746-9eee-86fd17ae0111_1513653896121`
[2017-12-19 11:24:56] INFO : ip=0:0:0:0:0:0:0:1,url=/error,ua=Mozilla/5.0 (Windows NT 6.1; WOW64) AppleWebKit/537.36 (KHTML, like Gecko) Chrome/62.0.3202.89 Safari/537.36,terminalType=null,terminalName=null,channelId=null,devicesId=null`action=`userid=null`sid=21a5bc67-14ed-4962-ad81-f5280b8997d5_1513653896132`
[2017-12-19 11:24:56] INFO : ip=0:0:0:0:0:0:0:1,url=/error,ua=Mozilla/5.0 (Windows NT 6.1; WOW64) AppleWebKit/537.36 (KHTML, like Gecko) Chrome/62.0.3202.89 Safari/537.36,terminalType=null,terminalName=null,channelId=null,devicesId=null`action=`userid=null`sid=f813f0ce-f173-4652-816a-5bd877b8f5b1_1513653896144`
[2017-12-19 11:24:56] INFO : ip=0:0:0:0:0:0:0:1,url=/error,ua=Mozilla/5.0 (Windows NT 6.1; WOW64) AppleWebKit/537.36 (KHTML, like Gecko) Chrome/62.0.3202.89 Safari/537.36,terminalType=null,terminalName=null,channelId=null,devicesId=null`action=`userid=null`sid=5fd8b1cc-3fe4-48e3-9758-eb2872dba01a_1513653896154`
[2017-12-19 11:24:56] INFO : ip=0:0:0:0:0:0:0:1,url=/error,ua=Mozilla/5.0 (Windows NT 6.1; WOW64) AppleWebKit/537.36 (KHTML, like Gecko) Chrome/62.0.3202.89 Safari/537.36,terminalType=null,terminalName=null,channelId=null,devicesId=null`action=`userid=null`sid=ac6a3fcf-7bed-47e8-bfb6-f8073b2414d2_1513653896164`
[2017-12-19 11:24:56] INFO : ip=0:0:0:0:0:0:0:1,url=/error,ua=Mozilla/5.0 (Windows NT 6.1; WOW64) AppleWebKit/537.36 (KHTML, like Gecko) Chrome/62.0.3202.89 Safari/537.36,terminalType=null,terminalName=null,channelId=null,devicesId=null`action=`userid=null`sid=55d2628c-5b58-4dd4-8164-13b95bfa27c3_1513653896173`
[2017-12-19 11:24:56] INFO : ip=0:0:0:0:0:0:0:1,url=/error,ua=Mozilla/5.0 (Windows NT 6.1; WOW64) AppleWebKit/537.36 (KHTML, like Gecko) Chrome/62.0.3202.89 Safari/537.36,terminalType=null,terminalName=null,channelId=null,devicesId=null`action=`userid=null`sid=e5e1e0bc-2718-4842-8d61-9f0de3591206_1513653896182`
[2017-12-19 11:24:56] INFO : ip=0:0:0:0:0:0:0:1,url=/error,ua=Mozilla/5.0 (Windows NT 6.1; WOW64) AppleWebKit/537.36 (KHTML, like Gecko) Chrome/62.0.3202.89 Safari/537.36,terminalType=null,terminalName=null,channelId=null,devicesId=null`action=`userid=null`sid=513f3cb5-521e-46ea-8de5-197af301c847_1513653896191`
[2017-12-19 11:24:56] INFO : ip=0:0:0:0:0:0:0:1,url=/error,ua=Mozilla/5.0 (Windows NT 6.1; WOW64) AppleWebKit/537.36 (KHTML, like Gecko) Chrome/62.0.3202.89 Safari/537.36,terminalType=null,terminalName=null,channelId=null,devicesId=null`action=`userid=null`sid=e30e8a1e-5797-4056-9acf-5b5ea5f1d4be_1513653896199`
[2017-12-19 11:24:56] INFO : ip=0:0:0:0:0:0:0:1,url=/error,ua=Mozilla/5.0 (Windows NT 6.1; WOW64) AppleWebKit/537.36 (KHTML, like Gecko) Chrome/62.0.3202.89 Safari/537.36,terminalType=null,terminalName=null,channelId=null,devicesId=null`action=`userid=null`sid=33e6119b-ea4b-4661-b97b-1979c1cd221a_1513653896208`
[2017-12-19 11:24:56] INFO : ip=0:0:0:0:0:0:0:1,url=/error,ua=Mozilla/5.0 (Windows NT 6.1; WOW64) AppleWebKit/537.36 (KHTML, like Gecko) Chrome/62.0.3202.89 Safari/537.36,terminalType=null,terminalName=null,channelId=null,devicesId=null`action=`userid=null`sid=5f056358-4860-4c40-a9fa-db2c54335f84_1513653896218`
[2017-12-19 11:24:56] INFO : ip=0:0:0:0:0:0:0:1,url=/error,ua=Mozilla/5.0 (Windows NT 6.1; WOW64) AppleWebKit/537.36 (KHTML, like Gecko) Chrome/62.0.3202.89 Safari/537.36,terminalType=null,terminalName=null,channelId=null,devicesId=null`action=`userid=null`sid=4a252778-6058-4349-97eb-7df26d990e94_1513653896227`
[2017-12-19 11:24:56] INFO : ip=0:0:0:0:0:0:0:1,url=/error,ua=Mozilla/5.0 (Windows NT 6.1; WOW64) AppleWebKit/537.36 (KHTML, like Gecko) Chrome/62.0.3202.89 Safari/537.36,terminalType=null,terminalName=null,channelId=null,devicesId=null`action=`userid=null`sid=30d25f88-dd7b-4928-88c7-6d60ed613a66_1513653896236`
[2017-12-19 11:24:56] INFO : ip=0:0:0:0:0:0:0:1,url=/error,ua=Mozilla/5.0 (Windows NT 6.1; WOW64) AppleWebKit/537.36 (KHTML, like Gecko) Chrome/62.0.3202.89 Safari/537.36,terminalType=null,terminalName=null,channelId=null,devicesId=null`action=`userid=null`sid=68684f2c-d8c4-44d0-b706-f5bd6f1eea09_1513653896243`
[2017-12-19 11:24:56] INFO : ip=0:0:0:0:0:0:0:1,url=/error,ua=Mozilla/5.0 (Windows NT 6.1; WOW64) AppleWebKit/537.36 (KHTML, like Gecko) Chrome/62.0.3202.89 Safari/537.36,terminalType=null,terminalName=null,channelId=null,devicesId=null`action=`userid=null`sid=3fadb4b6-54c0-43c8-8418-6ff35927cee1_1513653896251`
[2017-12-19 11:24:56] INFO : ip=0:0:0:0:0:0:0:1,url=/error,ua=Mozilla/5.0 (Windows NT 6.1; WOW64) AppleWebKit/537.36 (KHTML, like Gecko) Chrome/62.0.3202.89 Safari/537.36,terminalType=null,terminalName=null,channelId=null,devicesId=null`action=`userid=null`sid=da3c63fb-73b1-4910-af91-9b3705697ec5_1513653896258`
[2017-12-19 11:24:56] INFO : ip=0:0:0:0:0:0:0:1,url=/error,ua=Mozilla/5.0 (Windows NT 6.1; WOW64) AppleWebKit/537.36 (KHTML, like Gecko) Chrome/62.0.3202.89 Safari/537.36,terminalType=null,terminalName=null,channelId=null,devicesId=null`action=`userid=null`sid=7e15d8c6-d0f8-47ff-ac60-317c3005ecb4_1513653896265`
[2017-12-19 11:24:56] INFO : ip=0:0:0:0:0:0:0:1,url=/error,ua=Mozilla/5.0 (Windows NT 6.1; WOW64) AppleWebKit/537.36 (KHTML, like Gecko) Chrome/62.0.3202.89 Safari/537.36,terminalType=null,terminalName=null,channelId=null,devicesId=null`action=`userid=null`sid=a3535b62-7c6d-4ccf-968f-dffad6fdac4e_1513653896272`
[2017-12-19 11:25:16] INFO : ip=0:0:0:0:0:0:0:1,url=/error,ua=Mozilla/5.0 (Windows NT 6.1; WOW64) AppleWebKit/537.36 (KHTML, like Gecko) Chrome/62.0.3202.89 Safari/537.36,terminalType=null,terminalName=null,channelId=null,devicesId=null`action=`userid=null`sid=a0995cd8-89fa-4b93-9153-99bd8183e13f_1513653916671`
[2017-12-19 11:25:16] INFO : ip=0:0:0:0:0:0:0:1,url=/error,ua=Mozilla/5.0 (Windows NT 6.1; WOW64) AppleWebKit/537.36 (KHTML, like Gecko) Chrome/62.0.3202.89 Safari/537.36,terminalType=null,terminalName=null,channelId=null,devicesId=null`action=`userid=null`sid=57dc0f95-9ec2-4523-98cf-5bda3c50c690_1513653916693`
[2017-12-19 11:25:16] INFO : ip=0:0:0:0:0:0:0:1,url=/error,ua=Mozilla/5.0 (Windows NT 6.1; WOW64) AppleWebKit/537.36 (KHTML, like Gecko) Chrome/62.0.3202.89 Safari/537.36,terminalType=null,terminalName=null,channelId=null,devicesId=null`action=`userid=null`sid=aead57a8-e823-4293-b546-63458eae9bf7_1513653916710`
[2017-12-19 11:25:16] INFO : ip=0:0:0:0:0:0:0:1,url=/error,ua=Mozilla/5.0 (Windows NT 6.1; WOW64) AppleWebKit/537.36 (KHTML, like Gecko) Chrome/62.0.3202.89 Safari/537.36,terminalType=null,terminalName=null,channelId=null,devicesId=null`action=`userid=null`sid=b8db1b76-cdcc-478e-b968-770945e8dd53_1513653916720`
[2017-12-19 11:25:16] INFO : ip=0:0:0:0:0:0:0:1,url=/error,ua=Mozilla/5.0 (Windows NT 6.1; WOW64) AppleWebKit/537.36 (KHTML, like Gecko) Chrome/62.0.3202.89 Safari/537.36,terminalType=null,terminalName=null,channelId=null,devicesId=null`action=`userid=null`sid=7c0c3f7e-494f-485b-b23e-e32905f7a4d3_1513653916728`
[2017-12-19 11:25:16] INFO : ip=0:0:0:0:0:0:0:1,url=/error,ua=Mozilla/5.0 (Windows NT 6.1; WOW64) AppleWebKit/537.36 (KHTML, like Gecko) Chrome/62.0.3202.89 Safari/537.36,terminalType=null,terminalName=null,channelId=null,devicesId=null`action=`userid=null`sid=85483439-e22e-4869-9695-faf2e3028930_1513653916735`
[2017-12-19 11:25:16] INFO : ip=0:0:0:0:0:0:0:1,url=/error,ua=Mozilla/5.0 (Windows NT 6.1; WOW64) AppleWebKit/537.36 (KHTML, like Gecko) Chrome/62.0.3202.89 Safari/537.36,terminalType=null,terminalName=null,channelId=null,devicesId=null`action=`userid=null`sid=524b8644-ac82-49b0-94a7-f05253fd6d15_1513653916742`
[2017-12-19 11:25:16] INFO : ip=0:0:0:0:0:0:0:1,url=/error,ua=Mozilla/5.0 (Windows NT 6.1; WOW64) AppleWebKit/537.36 (KHTML, like Gecko) Chrome/62.0.3202.89 Safari/537.36,terminalType=null,terminalName=null,channelId=null,devicesId=null`action=`userid=null`sid=313331fe-f56f-4a89-a6e4-4695f8bb2f7c_1513653916749`
[2017-12-19 11:25:16] INFO : ip=0:0:0:0:0:0:0:1,url=/error,ua=Mozilla/5.0 (Windows NT 6.1; WOW64) AppleWebKit/537.36 (KHTML, like Gecko) Chrome/62.0.3202.89 Safari/537.36,terminalType=null,terminalName=null,channelId=null,devicesId=null`action=`userid=null`sid=94acf201-7b80-4e18-9745-f5257aea444c_1513653916757`
[2017-12-19 11:25:16] INFO : ip=0:0:0:0:0:0:0:1,url=/error,ua=Mozilla/5.0 (Windows NT 6.1; WOW64) AppleWebKit/537.36 (KHTML, like Gecko) Chrome/62.0.3202.89 Safari/537.36,terminalType=null,terminalName=null,channelId=null,devicesId=null`action=`userid=null`sid=46bb087b-a2d0-4ef5-bd4e-46bc01e32385_1513653916763`
[2017-12-19 11:25:16] INFO : ip=0:0:0:0:0:0:0:1,url=/error,ua=Mozilla/5.0 (Windows NT 6.1; WOW64) AppleWebKit/537.36 (KHTML, like Gecko) Chrome/62.0.3202.89 Safari/537.36,terminalType=null,terminalName=null,channelId=null,devicesId=null`action=`userid=null`sid=31620f4f-291d-4fb8-94f6-49b4f4740f08_1513653916769`
[2017-12-19 11:25:16] INFO : ip=0:0:0:0:0:0:0:1,url=/error,ua=Mozilla/5.0 (Windows NT 6.1; WOW64) AppleWebKit/537.36 (KHTML, like Gecko) Chrome/62.0.3202.89 Safari/537.36,terminalType=null,terminalName=null,channelId=null,devicesId=null`action=`userid=null`sid=a7f86eb0-e817-459b-a3b5-40daf347fb7e_1513653916776`
[2017-12-19 11:25:16] INFO : ip=0:0:0:0:0:0:0:1,url=/error,ua=Mozilla/5.0 (Windows NT 6.1; WOW64) AppleWebKit/537.36 (KHTML, like Gecko) Chrome/62.0.3202.89 Safari/537.36,terminalType=null,terminalName=null,channelId=null,devicesId=null`action=`userid=null`sid=c44e31e4-b986-44f7-907c-373175f874a2_1513653916781`
[2017-12-19 11:25:16] INFO : ip=0:0:0:0:0:0:0:1,url=/error,ua=Mozilla/5.0 (Windows NT 6.1; WOW64) AppleWebKit/537.36 (KHTML, like Gecko) Chrome/62.0.3202.89 Safari/537.36,terminalType=null,terminalName=null,channelId=null,devicesId=null`action=`userid=null`sid=4a19682d-6ed9-4411-abb1-b610d97e84a8_1513653916787`
[2017-12-19 11:25:16] INFO : ip=0:0:0:0:0:0:0:1,url=/error,ua=Mozilla/5.0 (Windows NT 6.1; WOW64) AppleWebKit/537.36 (KHTML, like Gecko) Chrome/62.0.3202.89 Safari/537.36,terminalType=null,terminalName=null,channelId=null,devicesId=null`action=`userid=null`sid=a23963bf-4ba7-45c8-9d88-40e180f15a07_1513653916794`
[2017-12-19 11:25:16] INFO : ip=0:0:0:0:0:0:0:1,url=/error,ua=Mozilla/5.0 (Windows NT 6.1; WOW64) AppleWebKit/537.36 (KHTML, like Gecko) Chrome/62.0.3202.89 Safari/537.36,terminalType=null,terminalName=null,channelId=null,devicesId=null`action=`userid=null`sid=a882ecbe-bffe-4c47-bab7-3849ce9034a1_1513653916799`
[2017-12-19 11:25:16] INFO : ip=0:0:0:0:0:0:0:1,url=/error,ua=Mozilla/5.0 (Windows NT 6.1; WOW64) AppleWebKit/537.36 (KHTML, like Gecko) Chrome/62.0.3202.89 Safari/537.36,terminalType=null,terminalName=null,channelId=null,devicesId=null`action=`userid=null`sid=6444ab20-e37d-4636-b399-e0c4c980cb6f_1513653916805`
[2017-12-19 11:25:16] INFO : ip=0:0:0:0:0:0:0:1,url=/error,ua=Mozilla/5.0 (Windows NT 6.1; WOW64) AppleWebKit/537.36 (KHTML, like Gecko) Chrome/62.0.3202.89 Safari/537.36,terminalType=null,terminalName=null,channelId=null,devicesId=null`action=`userid=null`sid=db35905c-9a23-420b-a618-20fdb6997ac0_1513653916816`
[2017-12-19 11:25:16] INFO : ip=0:0:0:0:0:0:0:1,url=/error,ua=Mozilla/5.0 (Windows NT 6.1; WOW64) AppleWebKit/537.36 (KHTML, like Gecko) Chrome/62.0.3202.89 Safari/537.36,terminalType=null,terminalName=null,channelId=null,devicesId=null`action=`userid=null`sid=f602cf26-f16a-45a4-ae97-5d05a241794c_1513653916823`
[2017-12-19 11:25:16] INFO : ip=0:0:0:0:0:0:0:1,url=/error,ua=Mozilla/5.0 (Windows NT 6.1; WOW64) AppleWebKit/537.36 (KHTML, like Gecko) Chrome/62.0.3202.89 Safari/537.36,terminalType=null,terminalName=null,channelId=null,devicesId=null`action=`userid=null`sid=82edbe7b-f224-4649-8d02-527a6c6a5b3f_1513653916828`
[2017-12-19 11:25:16] INFO : ip=0:0:0:0:0:0:0:1,url=/error,ua=Mozilla/5.0 (Windows NT 6.1; WOW64) AppleWebKit/537.36 (KHTML, like Gecko) Chrome/62.0.3202.89 Safari/537.36,terminalType=null,terminalName=null,channelId=null,devicesId=null`action=`userid=null`sid=5fd0b401-a46b-411a-aaf0-550db1c83d86_1513653916833`
[2017-12-19 11:25:18] INFO : ip=0:0:0:0:0:0:0:1,url=/error,ua=Mozilla/5.0 (Windows NT 6.1; WOW64) AppleWebKit/537.36 (KHTML, like Gecko) Chrome/62.0.3202.89 Safari/537.36,terminalType=null,terminalName=null,channelId=null,devicesId=null`action=`userid=null`sid=2574b357-6af3-4c62-b36f-d958ac9461d6_1513653918384`
[2017-12-19 11:25:18] INFO : ip=0:0:0:0:0:0:0:1,url=/error,ua=Mozilla/5.0 (Windows NT 6.1; WOW64) AppleWebKit/537.36 (KHTML, like Gecko) Chrome/62.0.3202.89 Safari/537.36,terminalType=null,terminalName=null,channelId=null,devicesId=null`action=`userid=null`sid=30124189-7418-4588-94f4-037f63fafe2b_1513653918400`
[2017-12-19 11:25:18] INFO : ip=0:0:0:0:0:0:0:1,url=/error,ua=Mozilla/5.0 (Windows NT 6.1; WOW64) AppleWebKit/537.36 (KHTML, like Gecko) Chrome/62.0.3202.89 Safari/537.36,terminalType=null,terminalName=null,channelId=null,devicesId=null`action=`userid=null`sid=2def75b9-0122-4555-abb3-a31d110207a5_1513653918409`
[2017-12-19 11:25:18] INFO : ip=0:0:0:0:0:0:0:1,url=/error,ua=Mozilla/5.0 (Windows NT 6.1; WOW64) AppleWebKit/537.36 (KHTML, like Gecko) Chrome/62.0.3202.89 Safari/537.36,terminalType=null,terminalName=null,channelId=null,devicesId=null`action=`userid=null`sid=8bd4c7ab-f056-4c85-9eae-90de08b66ef7_1513653918418`
[2017-12-19 11:25:18] INFO : ip=0:0:0:0:0:0:0:1,url=/error,ua=Mozilla/5.0 (Windows NT 6.1; WOW64) AppleWebKit/537.36 (KHTML, like Gecko) Chrome/62.0.3202.89 Safari/537.36,terminalType=null,terminalName=null,channelId=null,devicesId=null`action=`userid=null`sid=397488e2-f5d7-4d9a-9403-077ce3bbc051_1513653918427`
[2017-12-19 11:25:18] INFO : ip=0:0:0:0:0:0:0:1,url=/error,ua=Mozilla/5.0 (Windows NT 6.1; WOW64) AppleWebKit/537.36 (KHTML, like Gecko) Chrome/62.0.3202.89 Safari/537.36,terminalType=null,terminalName=null,channelId=null,devicesId=null`action=`userid=null`sid=45714907-e5c0-4e5d-b2f3-a680e62de9a0_1513653918455`
[2017-12-19 11:25:18] INFO : ip=0:0:0:0:0:0:0:1,url=/error,ua=Mozilla/5.0 (Windows NT 6.1; WOW64) AppleWebKit/537.36 (KHTML, like Gecko) Chrome/62.0.3202.89 Safari/537.36,terminalType=null,terminalName=null,channelId=null,devicesId=null`action=`userid=null`sid=01ba1f15-dff9-4fe1-ac28-d60129dfabda_1513653918468`
[2017-12-19 11:25:18] INFO : ip=0:0:0:0:0:0:0:1,url=/error,ua=Mozilla/5.0 (Windows NT 6.1; WOW64) AppleWebKit/537.36 (KHTML, like Gecko) Chrome/62.0.3202.89 Safari/537.36,terminalType=null,terminalName=null,channelId=null,devicesId=null`action=`userid=null`sid=fdd1c58c-b00f-4d6e-906a-982421faa975_1513653918474`
[2017-12-19 11:25:18] INFO : ip=0:0:0:0:0:0:0:1,url=/error,ua=Mozilla/5.0 (Windows NT 6.1; WOW64) AppleWebKit/537.36 (KHTML, like Gecko) Chrome/62.0.3202.89 Safari/537.36,terminalType=null,terminalName=null,channelId=null,devicesId=null`action=`userid=null`sid=450029cb-2224-4de2-9aa4-d19529ba80ea_1513653918479`
[2017-12-19 11:25:18] INFO : ip=0:0:0:0:0:0:0:1,url=/error,ua=Mozilla/5.0 (Windows NT 6.1; WOW64) AppleWebKit/537.36 (KHTML, like Gecko) Chrome/62.0.3202.89 Safari/537.36,terminalType=null,terminalName=null,channelId=null,devicesId=null`action=`userid=null`sid=815a51c4-0f65-4d62-8476-cc308340143e_1513653918484`
[2017-12-19 11:25:18] INFO : ip=0:0:0:0:0:0:0:1,url=/error,ua=Mozilla/5.0 (Windows NT 6.1; WOW64) AppleWebKit/537.36 (KHTML, like Gecko) Chrome/62.0.3202.89 Safari/537.36,terminalType=null,terminalName=null,channelId=null,devicesId=null`action=`userid=null`sid=614799a3-de8c-417a-921c-2555660d31b9_1513653918489`
[2017-12-19 11:25:18] INFO : ip=0:0:0:0:0:0:0:1,url=/error,ua=Mozilla/5.0 (Windows NT 6.1; WOW64) AppleWebKit/537.36 (KHTML, like Gecko) Chrome/62.0.3202.89 Safari/537.36,terminalType=null,terminalName=null,channelId=null,devicesId=null`action=`userid=null`sid=b8172eac-a23d-4d21-9ea7-1f97935e3fdc_1513653918494`
[2017-12-19 11:25:18] INFO : ip=0:0:0:0:0:0:0:1,url=/error,ua=Mozilla/5.0 (Windows NT 6.1; WOW64) AppleWebKit/537.36 (KHTML, like Gecko) Chrome/62.0.3202.89 Safari/537.36,terminalType=null,terminalName=null,channelId=null,devicesId=null`action=`userid=null`sid=15a34d9a-354d-44a0-8c1b-c3c24ffab9ea_1513653918499`
[2017-12-19 11:25:18] INFO : ip=0:0:0:0:0:0:0:1,url=/error,ua=Mozilla/5.0 (Windows NT 6.1; WOW64) AppleWebKit/537.36 (KHTML, like Gecko) Chrome/62.0.3202.89 Safari/537.36,terminalType=null,terminalName=null,channelId=null,devicesId=null`action=`userid=null`sid=b1d2ecae-8506-4cbc-aadb-2b33a2d77ff1_1513653918504`
[2017-12-19 11:25:18] INFO : ip=0:0:0:0:0:0:0:1,url=/error,ua=Mozilla/5.0 (Windows NT 6.1; WOW64) AppleWebKit/537.36 (KHTML, like Gecko) Chrome/62.0.3202.89 Safari/537.36,terminalType=null,terminalName=null,channelId=null,devicesId=null`action=`userid=null`sid=ea6d9693-0795-4196-8128-7c008dab0e41_1513653918509`
[2017-12-19 11:25:18] INFO : ip=0:0:0:0:0:0:0:1,url=/error,ua=Mozilla/5.0 (Windows NT 6.1; WOW64) AppleWebKit/537.36 (KHTML, like Gecko) Chrome/62.0.3202.89 Safari/537.36,terminalType=null,terminalName=null,channelId=null,devicesId=null`action=`userid=null`sid=fc1737f5-1b63-4bdf-85c5-2064457d6cfe_1513653918514`
[2017-12-19 11:25:18] INFO : ip=0:0:0:0:0:0:0:1,url=/error,ua=Mozilla/5.0 (Windows NT 6.1; WOW64) AppleWebKit/537.36 (KHTML, like Gecko) Chrome/62.0.3202.89 Safari/537.36,terminalType=null,terminalName=null,channelId=null,devicesId=null`action=`userid=null`sid=4942fae7-58ce-4ab2-ba6e-334f020ec874_1513653918518`
[2017-12-19 11:25:18] INFO : ip=0:0:0:0:0:0:0:1,url=/error,ua=Mozilla/5.0 (Windows NT 6.1; WOW64) AppleWebKit/537.36 (KHTML, like Gecko) Chrome/62.0.3202.89 Safari/537.36,terminalType=null,terminalName=null,channelId=null,devicesId=null`action=`userid=null`sid=cf0f9c19-654c-4b72-ab73-4a78dff56be6_1513653918523`
[2017-12-19 11:25:18] INFO : ip=0:0:0:0:0:0:0:1,url=/error,ua=Mozilla/5.0 (Windows NT 6.1; WOW64) AppleWebKit/537.36 (KHTML, like Gecko) Chrome/62.0.3202.89 Safari/537.36,terminalType=null,terminalName=null,channelId=null,devicesId=null`action=`userid=null`sid=c1da6590-3c1d-462c-97a7-25d43f881063_1513653918528`
[2017-12-19 11:25:18] INFO : ip=0:0:0:0:0:0:0:1,url=/error,ua=Mozilla/5.0 (Windows NT 6.1; WOW64) AppleWebKit/537.36 (KHTML, like Gecko) Chrome/62.0.3202.89 Safari/537.36,terminalType=null,terminalName=null,channelId=null,devicesId=null`action=`userid=null`sid=908b8a92-cbe0-401f-a567-529677233fe1_1513653918532`
[2017-12-19 11:25:18] INFO : ip=0:0:0:0:0:0:0:1,url=/error,ua=Mozilla/5.0 (Windows NT 6.1; WOW64) AppleWebKit/537.36 (KHTML, like Gecko) Chrome/62.0.3202.89 Safari/537.36,terminalType=null,terminalName=null,channelId=null,devicesId=null`action=`userid=null`sid=3cddca48-61d9-48a1-92d5-59167fabc0c1_1513653918536`
[2017-12-19 11:25:55] INFO : Starting CMSApplication on jason-PC with PID 5392 (E:\jasonWorkSpace\szy_workspace\szy-cms-web\target\classes started by jason in E:\jasonWorkSpace\szy_workspace\szy-cms-web)
[2017-12-19 11:25:55] INFO : The following profiles are active: dev
[2017-12-19 11:26:01] INFO : Started CMSApplication in 6.07 seconds (JVM running for 6.592)
[2017-12-19 11:26:06] INFO : ip=0:0:0:0:0:0:0:1,url=/error,ua=Mozilla/5.0 (Windows NT 6.1; WOW64) AppleWebKit/537.36 (KHTML, like Gecko) Chrome/62.0.3202.89 Safari/537.36,terminalType=null,terminalName=null,channelId=null,devicesId=null`action=`userid=null`sid=0945b7a7-d5c6-48e1-bbcd-57a79c0d6154_1513653966022`
[2017-12-19 11:26:06] INFO : ip=0:0:0:0:0:0:0:1,url=/error,ua=Mozilla/5.0 (Windows NT 6.1; WOW64) AppleWebKit/537.36 (KHTML, like Gecko) Chrome/62.0.3202.89 Safari/537.36,terminalType=null,terminalName=null,channelId=null,devicesId=null`action=`userid=null`sid=65084353-4cb8-4b87-a569-acb1ef8a5740_1513653966042`
[2017-12-19 11:26:06] INFO : ip=0:0:0:0:0:0:0:1,url=/error,ua=Mozilla/5.0 (Windows NT 6.1; WOW64) AppleWebKit/537.36 (KHTML, like Gecko) Chrome/62.0.3202.89 Safari/537.36,terminalType=null,terminalName=null,channelId=null,devicesId=null`action=`userid=null`sid=fe61e838-b518-4f99-ba20-1dbb02b3801c_1513653966054`
[2017-12-19 11:26:06] INFO : ip=0:0:0:0:0:0:0:1,url=/error,ua=Mozilla/5.0 (Windows NT 6.1; WOW64) AppleWebKit/537.36 (KHTML, like Gecko) Chrome/62.0.3202.89 Safari/537.36,terminalType=null,terminalName=null,channelId=null,devicesId=null`action=`userid=null`sid=b0a85a96-cfb1-45e2-8928-178aae2edcaa_1513653966065`
[2017-12-19 11:26:06] INFO : ip=0:0:0:0:0:0:0:1,url=/error,ua=Mozilla/5.0 (Windows NT 6.1; WOW64) AppleWebKit/537.36 (KHTML, like Gecko) Chrome/62.0.3202.89 Safari/537.36,terminalType=null,terminalName=null,channelId=null,devicesId=null`action=`userid=null`sid=abf2e2fe-24ab-4178-9da2-0b3637c10250_1513653966076`
[2017-12-19 11:26:06] INFO : ip=0:0:0:0:0:0:0:1,url=/error,ua=Mozilla/5.0 (Windows NT 6.1; WOW64) AppleWebKit/537.36 (KHTML, like Gecko) Chrome/62.0.3202.89 Safari/537.36,terminalType=null,terminalName=null,channelId=null,devicesId=null`action=`userid=null`sid=92fcd6c7-9690-4541-90f8-70c7ecfea0e9_1513653966087`
[2017-12-19 11:26:06] INFO : ip=0:0:0:0:0:0:0:1,url=/error,ua=Mozilla/5.0 (Windows NT 6.1; WOW64) AppleWebKit/537.36 (KHTML, like Gecko) Chrome/62.0.3202.89 Safari/537.36,terminalType=null,terminalName=null,channelId=null,devicesId=null`action=`userid=null`sid=4cafbe0c-df2e-4f08-844b-9b76ab025311_1513653966097`
[2017-12-19 11:26:06] INFO : ip=0:0:0:0:0:0:0:1,url=/error,ua=Mozilla/5.0 (Windows NT 6.1; WOW64) AppleWebKit/537.36 (KHTML, like Gecko) Chrome/62.0.3202.89 Safari/537.36,terminalType=null,terminalName=null,channelId=null,devicesId=null`action=`userid=null`sid=687ecb9f-3b2b-4f13-a50c-858f42276262_1513653966107`
[2017-12-19 11:26:06] INFO : ip=0:0:0:0:0:0:0:1,url=/error,ua=Mozilla/5.0 (Windows NT 6.1; WOW64) AppleWebKit/537.36 (KHTML, like Gecko) Chrome/62.0.3202.89 Safari/537.36,terminalType=null,terminalName=null,channelId=null,devicesId=null`action=`userid=null`sid=d96d2af8-db4a-427a-ac59-8c622eb6a1c7_1513653966116`
[2017-12-19 11:26:06] INFO : ip=0:0:0:0:0:0:0:1,url=/error,ua=Mozilla/5.0 (Windows NT 6.1; WOW64) AppleWebKit/537.36 (KHTML, like Gecko) Chrome/62.0.3202.89 Safari/537.36,terminalType=null,terminalName=null,channelId=null,devicesId=null`action=`userid=null`sid=a669849c-83e7-45d0-8fbe-2dd9d0efb3e8_1513653966125`
[2017-12-19 11:26:06] INFO : ip=0:0:0:0:0:0:0:1,url=/error,ua=Mozilla/5.0 (Windows NT 6.1; WOW64) AppleWebKit/537.36 (KHTML, like Gecko) Chrome/62.0.3202.89 Safari/537.36,terminalType=null,terminalName=null,channelId=null,devicesId=null`action=`userid=null`sid=ccf39344-8aa6-41ff-86bb-a2257a560e2f_1513653966133`
[2017-12-19 11:26:06] INFO : ip=0:0:0:0:0:0:0:1,url=/error,ua=Mozilla/5.0 (Windows NT 6.1; WOW64) AppleWebKit/537.36 (KHTML, like Gecko) Chrome/62.0.3202.89 Safari/537.36,terminalType=null,terminalName=null,channelId=null,devicesId=null`action=`userid=null`sid=55ac9516-81e6-4f01-8352-f929db41137c_1513653966142`
[2017-12-19 11:26:06] INFO : ip=0:0:0:0:0:0:0:1,url=/error,ua=Mozilla/5.0 (Windows NT 6.1; WOW64) AppleWebKit/537.36 (KHTML, like Gecko) Chrome/62.0.3202.89 Safari/537.36,terminalType=null,terminalName=null,channelId=null,devicesId=null`action=`userid=null`sid=d7cfd288-f975-4770-9c1c-68849779accc_1513653966150`
[2017-12-19 11:26:06] INFO : ip=0:0:0:0:0:0:0:1,url=/error,ua=Mozilla/5.0 (Windows NT 6.1; WOW64) AppleWebKit/537.36 (KHTML, like Gecko) Chrome/62.0.3202.89 Safari/537.36,terminalType=null,terminalName=null,channelId=null,devicesId=null`action=`userid=null`sid=de3cb102-bee6-42e9-aad6-b61d9b26cf46_1513653966159`
[2017-12-19 11:26:06] INFO : ip=0:0:0:0:0:0:0:1,url=/error,ua=Mozilla/5.0 (Windows NT 6.1; WOW64) AppleWebKit/537.36 (KHTML, like Gecko) Chrome/62.0.3202.89 Safari/537.36,terminalType=null,terminalName=null,channelId=null,devicesId=null`action=`userid=null`sid=977ab815-f0a8-4ec7-8249-25dfc352b741_1513653966168`
[2017-12-19 11:26:06] INFO : ip=0:0:0:0:0:0:0:1,url=/error,ua=Mozilla/5.0 (Windows NT 6.1; WOW64) AppleWebKit/537.36 (KHTML, like Gecko) Chrome/62.0.3202.89 Safari/537.36,terminalType=null,terminalName=null,channelId=null,devicesId=null`action=`userid=null`sid=299cd3d1-9a5d-4cb0-a681-330c2edd43bb_1513653966177`
[2017-12-19 11:26:06] INFO : ip=0:0:0:0:0:0:0:1,url=/error,ua=Mozilla/5.0 (Windows NT 6.1; WOW64) AppleWebKit/537.36 (KHTML, like Gecko) Chrome/62.0.3202.89 Safari/537.36,terminalType=null,terminalName=null,channelId=null,devicesId=null`action=`userid=null`sid=eb1075df-99b2-4d4c-b6c1-4e5e03aac5c5_1513653966184`
[2017-12-19 11:26:06] INFO : ip=0:0:0:0:0:0:0:1,url=/error,ua=Mozilla/5.0 (Windows NT 6.1; WOW64) AppleWebKit/537.36 (KHTML, like Gecko) Chrome/62.0.3202.89 Safari/537.36,terminalType=null,terminalName=null,channelId=null,devicesId=null`action=`userid=null`sid=4fa9171f-0c7e-47f5-b6cc-5ce99387080e_1513653966191`
[2017-12-19 11:26:06] INFO : ip=0:0:0:0:0:0:0:1,url=/error,ua=Mozilla/5.0 (Windows NT 6.1; WOW64) AppleWebKit/537.36 (KHTML, like Gecko) Chrome/62.0.3202.89 Safari/537.36,terminalType=null,terminalName=null,channelId=null,devicesId=null`action=`userid=null`sid=aad761ca-3638-4e0f-9494-232419aee433_1513653966198`
[2017-12-19 11:26:06] INFO : ip=0:0:0:0:0:0:0:1,url=/error,ua=Mozilla/5.0 (Windows NT 6.1; WOW64) AppleWebKit/537.36 (KHTML, like Gecko) Chrome/62.0.3202.89 Safari/537.36,terminalType=null,terminalName=null,channelId=null,devicesId=null`action=`userid=null`sid=7ed3fb6c-7ec9-4747-8511-27b49e400468_1513653966205`
[2017-12-19 11:26:06] INFO : ip=0:0:0:0:0:0:0:1,url=/error,ua=Mozilla/5.0 (Windows NT 6.1; WOW64) AppleWebKit/537.36 (KHTML, like Gecko) Chrome/62.0.3202.89 Safari/537.36,terminalType=null,terminalName=null,channelId=null,devicesId=null`action=`userid=null`sid=922e0f3e-46a1-4c40-b62c-59f8c7eef655_1513653966212`
[2017-12-19 11:26:25] INFO : ip=0:0:0:0:0:0:0:1,url=/error,ua=Mozilla/5.0 (Windows NT 6.1; WOW64) AppleWebKit/537.36 (KHTML, like Gecko) Chrome/62.0.3202.89 Safari/537.36,terminalType=null,terminalName=null,channelId=null,devicesId=null`action=`userid=null`sid=cf62af0b-68bb-42a4-8a00-7249b79b3384_1513653985268`
[2017-12-19 11:26:25] INFO : ip=0:0:0:0:0:0:0:1,url=/error,ua=Mozilla/5.0 (Windows NT 6.1; WOW64) AppleWebKit/537.36 (KHTML, like Gecko) Chrome/62.0.3202.89 Safari/537.36,terminalType=null,terminalName=null,channelId=null,devicesId=null`action=`userid=null`sid=d73afe14-c677-49ac-a652-3b29120f8f45_1513653985283`
[2017-12-19 11:26:25] INFO : ip=0:0:0:0:0:0:0:1,url=/error,ua=Mozilla/5.0 (Windows NT 6.1; WOW64) AppleWebKit/537.36 (KHTML, like Gecko) Chrome/62.0.3202.89 Safari/537.36,terminalType=null,terminalName=null,channelId=null,devicesId=null`action=`userid=null`sid=b1f7ab84-adce-431a-8124-b94bd3c28352_1513653985296`
[2017-12-19 11:26:25] INFO : ip=0:0:0:0:0:0:0:1,url=/error,ua=Mozilla/5.0 (Windows NT 6.1; WOW64) AppleWebKit/537.36 (KHTML, like Gecko) Chrome/62.0.3202.89 Safari/537.36,terminalType=null,terminalName=null,channelId=null,devicesId=null`action=`userid=null`sid=278d52bd-91f8-49ba-bd9a-64ab85465bd6_1513653985304`
[2017-12-19 11:26:25] INFO : ip=0:0:0:0:0:0:0:1,url=/error,ua=Mozilla/5.0 (Windows NT 6.1; WOW64) AppleWebKit/537.36 (KHTML, like Gecko) Chrome/62.0.3202.89 Safari/537.36,terminalType=null,terminalName=null,channelId=null,devicesId=null`action=`userid=null`sid=f9da9ee8-c0d1-42af-90bf-a83e99dc0f55_1513653985311`
[2017-12-19 11:26:25] INFO : ip=0:0:0:0:0:0:0:1,url=/error,ua=Mozilla/5.0 (Windows NT 6.1; WOW64) AppleWebKit/537.36 (KHTML, like Gecko) Chrome/62.0.3202.89 Safari/537.36,terminalType=null,terminalName=null,channelId=null,devicesId=null`action=`userid=null`sid=f6a0d8a4-8292-40fb-a695-1f8d30275ca3_1513653985318`
[2017-12-19 11:26:25] INFO : ip=0:0:0:0:0:0:0:1,url=/error,ua=Mozilla/5.0 (Windows NT 6.1; WOW64) AppleWebKit/537.36 (KHTML, like Gecko) Chrome/62.0.3202.89 Safari/537.36,terminalType=null,terminalName=null,channelId=null,devicesId=null`action=`userid=null`sid=09a9d647-b943-4c71-8af4-f16e681050f2_1513653985325`
[2017-12-19 11:26:25] INFO : ip=0:0:0:0:0:0:0:1,url=/error,ua=Mozilla/5.0 (Windows NT 6.1; WOW64) AppleWebKit/537.36 (KHTML, like Gecko) Chrome/62.0.3202.89 Safari/537.36,terminalType=null,terminalName=null,channelId=null,devicesId=null`action=`userid=null`sid=8bb6f123-2d67-4915-bd34-692a1eb5bb65_1513653985332`
[2017-12-19 11:26:25] INFO : ip=0:0:0:0:0:0:0:1,url=/error,ua=Mozilla/5.0 (Windows NT 6.1; WOW64) AppleWebKit/537.36 (KHTML, like Gecko) Chrome/62.0.3202.89 Safari/537.36,terminalType=null,terminalName=null,channelId=null,devicesId=null`action=`userid=null`sid=911dab37-5231-4187-b960-8a93a9425f6e_1513653985338`
[2017-12-19 11:26:25] INFO : ip=0:0:0:0:0:0:0:1,url=/error,ua=Mozilla/5.0 (Windows NT 6.1; WOW64) AppleWebKit/537.36 (KHTML, like Gecko) Chrome/62.0.3202.89 Safari/537.36,terminalType=null,terminalName=null,channelId=null,devicesId=null`action=`userid=null`sid=6ab136eb-62e5-4560-b20e-3fa625892c18_1513653985345`
[2017-12-19 11:26:25] INFO : ip=0:0:0:0:0:0:0:1,url=/error,ua=Mozilla/5.0 (Windows NT 6.1; WOW64) AppleWebKit/537.36 (KHTML, like Gecko) Chrome/62.0.3202.89 Safari/537.36,terminalType=null,terminalName=null,channelId=null,devicesId=null`action=`userid=null`sid=b242ccd0-a063-4d2f-9b79-41b0a02c10f4_1513653985351`
[2017-12-19 11:26:25] INFO : ip=0:0:0:0:0:0:0:1,url=/error,ua=Mozilla/5.0 (Windows NT 6.1; WOW64) AppleWebKit/537.36 (KHTML, like Gecko) Chrome/62.0.3202.89 Safari/537.36,terminalType=null,terminalName=null,channelId=null,devicesId=null`action=`userid=null`sid=ce704879-530f-47e5-a13f-06a64530ad90_1513653985357`
[2017-12-19 11:26:25] INFO : ip=0:0:0:0:0:0:0:1,url=/error,ua=Mozilla/5.0 (Windows NT 6.1; WOW64) AppleWebKit/537.36 (KHTML, like Gecko) Chrome/62.0.3202.89 Safari/537.36,terminalType=null,terminalName=null,channelId=null,devicesId=null`action=`userid=null`sid=1b149e3f-2656-4811-bae0-cae1b886fe0c_1513653985362`
[2017-12-19 11:26:25] INFO : ip=0:0:0:0:0:0:0:1,url=/error,ua=Mozilla/5.0 (Windows NT 6.1; WOW64) AppleWebKit/537.36 (KHTML, like Gecko) Chrome/62.0.3202.89 Safari/537.36,terminalType=null,terminalName=null,channelId=null,devicesId=null`action=`userid=null`sid=f37e0483-aa58-4ecc-ae3f-74fc55113fbd_1513653985368`
[2017-12-19 11:26:25] INFO : ip=0:0:0:0:0:0:0:1,url=/error,ua=Mozilla/5.0 (Windows NT 6.1; WOW64) AppleWebKit/537.36 (KHTML, like Gecko) Chrome/62.0.3202.89 Safari/537.36,terminalType=null,terminalName=null,channelId=null,devicesId=null`action=`userid=null`sid=21fea3d7-5ca0-4e2d-b4a4-600bcc713171_1513653985373`
[2017-12-19 11:26:25] INFO : ip=0:0:0:0:0:0:0:1,url=/error,ua=Mozilla/5.0 (Windows NT 6.1; WOW64) AppleWebKit/537.36 (KHTML, like Gecko) Chrome/62.0.3202.89 Safari/537.36,terminalType=null,terminalName=null,channelId=null,devicesId=null`action=`userid=null`sid=cff5a8e6-0805-4888-97c4-e7c7ee9b169d_1513653985379`
[2017-12-19 11:26:25] INFO : ip=0:0:0:0:0:0:0:1,url=/error,ua=Mozilla/5.0 (Windows NT 6.1; WOW64) AppleWebKit/537.36 (KHTML, like Gecko) Chrome/62.0.3202.89 Safari/537.36,terminalType=null,terminalName=null,channelId=null,devicesId=null`action=`userid=null`sid=a66e5645-3114-4dec-a322-d8143c4aaeed_1513653985384`
[2017-12-19 11:26:25] INFO : ip=0:0:0:0:0:0:0:1,url=/error,ua=Mozilla/5.0 (Windows NT 6.1; WOW64) AppleWebKit/537.36 (KHTML, like Gecko) Chrome/62.0.3202.89 Safari/537.36,terminalType=null,terminalName=null,channelId=null,devicesId=null`action=`userid=null`sid=5e18a55a-a28b-416a-acde-48509443c85f_1513653985389`
[2017-12-19 11:26:25] INFO : ip=0:0:0:0:0:0:0:1,url=/error,ua=Mozilla/5.0 (Windows NT 6.1; WOW64) AppleWebKit/537.36 (KHTML, like Gecko) Chrome/62.0.3202.89 Safari/537.36,terminalType=null,terminalName=null,channelId=null,devicesId=null`action=`userid=null`sid=95dd61d7-c3b4-42ea-92ad-44ee650e4b9b_1513653985394`
[2017-12-19 11:26:25] INFO : ip=0:0:0:0:0:0:0:1,url=/error,ua=Mozilla/5.0 (Windows NT 6.1; WOW64) AppleWebKit/537.36 (KHTML, like Gecko) Chrome/62.0.3202.89 Safari/537.36,terminalType=null,terminalName=null,channelId=null,devicesId=null`action=`userid=null`sid=dc0d59f1-f4ca-4342-940e-7278d677a2b5_1513653985399`
[2017-12-19 11:26:25] INFO : ip=0:0:0:0:0:0:0:1,url=/error,ua=Mozilla/5.0 (Windows NT 6.1; WOW64) AppleWebKit/537.36 (KHTML, like Gecko) Chrome/62.0.3202.89 Safari/537.36,terminalType=null,terminalName=null,channelId=null,devicesId=null`action=`userid=null`sid=2d58baa7-567b-4cbb-bdc1-8eb8fac53b17_1513653985404`
[2017-12-19 11:27:46] INFO : ip=0:0:0:0:0:0:0:1,url=/error,ua=Mozilla/5.0 (Windows NT 6.1; WOW64) AppleWebKit/537.36 (KHTML, like Gecko) Chrome/62.0.3202.89 Safari/537.36,terminalType=null,terminalName=null,channelId=null,devicesId=null`action=`userid=null`sid=8ecf2ebc-830e-4df3-9e45-64245267d095_1513654033547`
[2017-12-19 11:27:49] INFO : ip=0:0:0:0:0:0:0:1,url=/error,ua=Mozilla/5.0 (Windows NT 6.1; WOW64) AppleWebKit/537.36 (KHTML, like Gecko) Chrome/62.0.3202.89 Safari/537.36,terminalType=null,terminalName=null,channelId=null,devicesId=null`action=`userid=null`sid=8477de48-05cb-4ac0-9244-7d4966001d28_1513654069604`
[2017-12-19 11:27:53] INFO : ip=0:0:0:0:0:0:0:1,url=/error,ua=Mozilla/5.0 (Windows NT 6.1; WOW64) AppleWebKit/537.36 (KHTML, like Gecko) Chrome/62.0.3202.89 Safari/537.36,terminalType=null,terminalName=null,channelId=null,devicesId=null`action=`userid=null`sid=805cc339-e116-48d2-b878-c57ecfcaf5dc_1513654073844`
[2017-12-19 11:27:53] INFO : ip=0:0:0:0:0:0:0:1,url=/error,ua=Mozilla/5.0 (Windows NT 6.1; WOW64) AppleWebKit/537.36 (KHTML, like Gecko) Chrome/62.0.3202.89 Safari/537.36,terminalType=null,terminalName=null,channelId=null,devicesId=null`action=`userid=null`sid=6441de6f-dc4a-45c4-a646-d3cd154cb071_1513654073865`
[2017-12-19 11:27:53] INFO : ip=0:0:0:0:0:0:0:1,url=/error,ua=Mozilla/5.0 (Windows NT 6.1; WOW64) AppleWebKit/537.36 (KHTML, like Gecko) Chrome/62.0.3202.89 Safari/537.36,terminalType=null,terminalName=null,channelId=null,devicesId=null`action=`userid=null`sid=71ec2247-4e1d-44d1-b116-ad9d33171ccc_1513654073883`
[2017-12-19 11:27:53] INFO : ip=0:0:0:0:0:0:0:1,url=/error,ua=Mozilla/5.0 (Windows NT 6.1; WOW64) AppleWebKit/537.36 (KHTML, like Gecko) Chrome/62.0.3202.89 Safari/537.36,terminalType=null,terminalName=null,channelId=null,devicesId=null`action=`userid=null`sid=b55612ee-5351-44df-af62-ca6c262e8f80_1513654073915`
[2017-12-19 11:27:53] INFO : ip=0:0:0:0:0:0:0:1,url=/error,ua=Mozilla/5.0 (Windows NT 6.1; WOW64) AppleWebKit/537.36 (KHTML, like Gecko) Chrome/62.0.3202.89 Safari/537.36,terminalType=null,terminalName=null,channelId=null,devicesId=null`action=`userid=null`sid=7c8af9a4-a7ff-4d75-9290-73f72f7951cb_1513654073930`
[2017-12-19 11:27:53] INFO : ip=0:0:0:0:0:0:0:1,url=/error,ua=Mozilla/5.0 (Windows NT 6.1; WOW64) AppleWebKit/537.36 (KHTML, like Gecko) Chrome/62.0.3202.89 Safari/537.36,terminalType=null,terminalName=null,channelId=null,devicesId=null`action=`userid=null`sid=9dcc1f50-4a8b-4566-8d00-fb71f6886698_1513654073936`
[2017-12-19 11:27:53] INFO : ip=0:0:0:0:0:0:0:1,url=/error,ua=Mozilla/5.0 (Windows NT 6.1; WOW64) AppleWebKit/537.36 (KHTML, like Gecko) Chrome/62.0.3202.89 Safari/537.36,terminalType=null,terminalName=null,channelId=null,devicesId=null`action=`userid=null`sid=cc172e2a-fa9e-46b9-9e4c-0aa7da734529_1513654073942`
[2017-12-19 11:27:53] INFO : ip=0:0:0:0:0:0:0:1,url=/error,ua=Mozilla/5.0 (Windows NT 6.1; WOW64) AppleWebKit/537.36 (KHTML, like Gecko) Chrome/62.0.3202.89 Safari/537.36,terminalType=null,terminalName=null,channelId=null,devicesId=null`action=`userid=null`sid=a3bf9b9c-9f5b-4a22-afbd-d95f7655ea54_1513654073947`
[2017-12-19 11:27:53] INFO : ip=0:0:0:0:0:0:0:1,url=/error,ua=Mozilla/5.0 (Windows NT 6.1; WOW64) AppleWebKit/537.36 (KHTML, like Gecko) Chrome/62.0.3202.89 Safari/537.36,terminalType=null,terminalName=null,channelId=null,devicesId=null`action=`userid=null`sid=11493f65-d607-481e-b896-48ceab98d3f5_1513654073951`
[2017-12-19 11:27:53] INFO : ip=0:0:0:0:0:0:0:1,url=/error,ua=Mozilla/5.0 (Windows NT 6.1; WOW64) AppleWebKit/537.36 (KHTML, like Gecko) Chrome/62.0.3202.89 Safari/537.36,terminalType=null,terminalName=null,channelId=null,devicesId=null`action=`userid=null`sid=6fc2b2bf-025b-452b-a03e-674b05a5ee63_1513654073957`
[2017-12-19 11:27:53] INFO : ip=0:0:0:0:0:0:0:1,url=/error,ua=Mozilla/5.0 (Windows NT 6.1; WOW64) AppleWebKit/537.36 (KHTML, like Gecko) Chrome/62.0.3202.89 Safari/537.36,terminalType=null,terminalName=null,channelId=null,devicesId=null`action=`userid=null`sid=a3d80c34-0765-4160-854c-ea6c45e117ab_1513654073961`
[2017-12-19 11:27:53] INFO : ip=0:0:0:0:0:0:0:1,url=/error,ua=Mozilla/5.0 (Windows NT 6.1; WOW64) AppleWebKit/537.36 (KHTML, like Gecko) Chrome/62.0.3202.89 Safari/537.36,terminalType=null,terminalName=null,channelId=null,devicesId=null`action=`userid=null`sid=b438b7b0-f50a-4380-8c3a-289182ec873c_1513654073966`
[2017-12-19 11:27:53] INFO : ip=0:0:0:0:0:0:0:1,url=/error,ua=Mozilla/5.0 (Windows NT 6.1; WOW64) AppleWebKit/537.36 (KHTML, like Gecko) Chrome/62.0.3202.89 Safari/537.36,terminalType=null,terminalName=null,channelId=null,devicesId=null`action=`userid=null`sid=ddfaceab-bbf2-4887-93e4-14c69aa5fc07_1513654073971`
[2017-12-19 11:27:53] INFO : ip=0:0:0:0:0:0:0:1,url=/error,ua=Mozilla/5.0 (Windows NT 6.1; WOW64) AppleWebKit/537.36 (KHTML, like Gecko) Chrome/62.0.3202.89 Safari/537.36,terminalType=null,terminalName=null,channelId=null,devicesId=null`action=`userid=null`sid=3e89f49d-018f-45d5-aaeb-5a63f41053f2_1513654073976`
[2017-12-19 11:27:53] INFO : ip=0:0:0:0:0:0:0:1,url=/error,ua=Mozilla/5.0 (Windows NT 6.1; WOW64) AppleWebKit/537.36 (KHTML, like Gecko) Chrome/62.0.3202.89 Safari/537.36,terminalType=null,terminalName=null,channelId=null,devicesId=null`action=`userid=null`sid=4557d39c-eed7-4f3c-a21d-72197981177f_1513654073980`
[2017-12-19 11:27:53] INFO : ip=0:0:0:0:0:0:0:1,url=/error,ua=Mozilla/5.0 (Windows NT 6.1; WOW64) AppleWebKit/537.36 (KHTML, like Gecko) Chrome/62.0.3202.89 Safari/537.36,terminalType=null,terminalName=null,channelId=null,devicesId=null`action=`userid=null`sid=084051bc-33bc-410e-8b54-acd0faa300d4_1513654073985`
[2017-12-19 11:27:53] INFO : ip=0:0:0:0:0:0:0:1,url=/error,ua=Mozilla/5.0 (Windows NT 6.1; WOW64) AppleWebKit/537.36 (KHTML, like Gecko) Chrome/62.0.3202.89 Safari/537.36,terminalType=null,terminalName=null,channelId=null,devicesId=null`action=`userid=null`sid=5cd721a6-ba98-4f4c-90e1-2a12ef61909c_1513654073990`
[2017-12-19 11:27:53] INFO : ip=0:0:0:0:0:0:0:1,url=/error,ua=Mozilla/5.0 (Windows NT 6.1; WOW64) AppleWebKit/537.36 (KHTML, like Gecko) Chrome/62.0.3202.89 Safari/537.36,terminalType=null,terminalName=null,channelId=null,devicesId=null`action=`userid=null`sid=55c67f93-dd21-455e-b2b5-9c187418b908_1513654073994`
[2017-12-19 11:27:54] INFO : ip=0:0:0:0:0:0:0:1,url=/error,ua=Mozilla/5.0 (Windows NT 6.1; WOW64) AppleWebKit/537.36 (KHTML, like Gecko) Chrome/62.0.3202.89 Safari/537.36,terminalType=null,terminalName=null,channelId=null,devicesId=null`action=`userid=null`sid=19628654-698e-4fd9-b9df-5ccdb39db53f_1513654074000`
[2017-12-19 11:30:56] INFO : Starting CMSApplication on jason-PC with PID 2916 (E:\jasonWorkSpace\szy_workspace\szy-cms-web\target\classes started by jason in E:\jasonWorkSpace\szy_workspace\szy-cms-web)
[2017-12-19 11:30:56] INFO : The following profiles are active: dev
[2017-12-19 11:31:02] INFO : Started CMSApplication in 6.054 seconds (JVM running for 6.577)
[2017-12-19 11:31:10] INFO : ip=0:0:0:0:0:0:0:1,url=/error,ua=Mozilla/5.0 (Windows NT 6.1; WOW64) AppleWebKit/537.36 (KHTML, like Gecko) Chrome/62.0.3202.89 Safari/537.36,terminalType=null,terminalName=null,channelId=null,devicesId=null`action=`userid=null`sid=d4951a5a-4a07-4952-a05d-c6738146c337_1513654270105`
[2017-12-19 11:31:10] INFO : ip=0:0:0:0:0:0:0:1,url=/error,ua=Mozilla/5.0 (Windows NT 6.1; WOW64) AppleWebKit/537.36 (KHTML, like Gecko) Chrome/62.0.3202.89 Safari/537.36,terminalType=null,terminalName=null,channelId=null,devicesId=null`action=`userid=null`sid=92fddba7-e042-438b-8d10-695f7a7e56f0_1513654270124`
[2017-12-19 11:31:10] INFO : ip=0:0:0:0:0:0:0:1,url=/error,ua=Mozilla/5.0 (Windows NT 6.1; WOW64) AppleWebKit/537.36 (KHTML, like Gecko) Chrome/62.0.3202.89 Safari/537.36,terminalType=null,terminalName=null,channelId=null,devicesId=null`action=`userid=null`sid=380774ca-6854-474d-a3cb-5c2a9db19a29_1513654270135`
[2017-12-19 11:31:10] INFO : ip=0:0:0:0:0:0:0:1,url=/error,ua=Mozilla/5.0 (Windows NT 6.1; WOW64) AppleWebKit/537.36 (KHTML, like Gecko) Chrome/62.0.3202.89 Safari/537.36,terminalType=null,terminalName=null,channelId=null,devicesId=null`action=`userid=null`sid=e199e7c9-2ad7-4f79-876c-7e67a196613b_1513654270147`
[2017-12-19 11:31:10] INFO : ip=0:0:0:0:0:0:0:1,url=/error,ua=Mozilla/5.0 (Windows NT 6.1; WOW64) AppleWebKit/537.36 (KHTML, like Gecko) Chrome/62.0.3202.89 Safari/537.36,terminalType=null,terminalName=null,channelId=null,devicesId=null`action=`userid=null`sid=88b4ac17-25a9-4ac4-ae1c-76539508762b_1513654270158`
[2017-12-19 11:31:10] INFO : ip=0:0:0:0:0:0:0:1,url=/error,ua=Mozilla/5.0 (Windows NT 6.1; WOW64) AppleWebKit/537.36 (KHTML, like Gecko) Chrome/62.0.3202.89 Safari/537.36,terminalType=null,terminalName=null,channelId=null,devicesId=null`action=`userid=null`sid=d0a24b6b-6fd4-4a84-9c5b-b7baf75f230f_1513654270170`
[2017-12-19 11:31:10] INFO : ip=0:0:0:0:0:0:0:1,url=/error,ua=Mozilla/5.0 (Windows NT 6.1; WOW64) AppleWebKit/537.36 (KHTML, like Gecko) Chrome/62.0.3202.89 Safari/537.36,terminalType=null,terminalName=null,channelId=null,devicesId=null`action=`userid=null`sid=5b888bb0-b3b1-42cb-a881-368d170a6e81_1513654270180`
[2017-12-19 11:31:10] INFO : ip=0:0:0:0:0:0:0:1,url=/error,ua=Mozilla/5.0 (Windows NT 6.1; WOW64) AppleWebKit/537.36 (KHTML, like Gecko) Chrome/62.0.3202.89 Safari/537.36,terminalType=null,terminalName=null,channelId=null,devicesId=null`action=`userid=null`sid=a4eb18e1-67f1-4146-9c1f-a00aacf824ce_1513654270189`
[2017-12-19 11:31:10] INFO : ip=0:0:0:0:0:0:0:1,url=/error,ua=Mozilla/5.0 (Windows NT 6.1; WOW64) AppleWebKit/537.36 (KHTML, like Gecko) Chrome/62.0.3202.89 Safari/537.36,terminalType=null,terminalName=null,channelId=null,devicesId=null`action=`userid=null`sid=31f694a8-4090-43b4-80dd-750de524da73_1513654270198`
[2017-12-19 11:31:10] INFO : ip=0:0:0:0:0:0:0:1,url=/error,ua=Mozilla/5.0 (Windows NT 6.1; WOW64) AppleWebKit/537.36 (KHTML, like Gecko) Chrome/62.0.3202.89 Safari/537.36,terminalType=null,terminalName=null,channelId=null,devicesId=null`action=`userid=null`sid=f58771d6-2e37-4c95-8cbb-07338992acb9_1513654270208`
[2017-12-19 11:31:10] INFO : ip=0:0:0:0:0:0:0:1,url=/error,ua=Mozilla/5.0 (Windows NT 6.1; WOW64) AppleWebKit/537.36 (KHTML, like Gecko) Chrome/62.0.3202.89 Safari/537.36,terminalType=null,terminalName=null,channelId=null,devicesId=null`action=`userid=null`sid=70be2b79-970b-4e2f-a8cf-e6ba81fa1ccf_1513654270217`
[2017-12-19 11:31:10] INFO : ip=0:0:0:0:0:0:0:1,url=/error,ua=Mozilla/5.0 (Windows NT 6.1; WOW64) AppleWebKit/537.36 (KHTML, like Gecko) Chrome/62.0.3202.89 Safari/537.36,terminalType=null,terminalName=null,channelId=null,devicesId=null`action=`userid=null`sid=a3ab6c1f-d502-4ddb-9c7b-c0c4ff96c7ee_1513654270226`
[2017-12-19 11:31:10] INFO : ip=0:0:0:0:0:0:0:1,url=/error,ua=Mozilla/5.0 (Windows NT 6.1; WOW64) AppleWebKit/537.36 (KHTML, like Gecko) Chrome/62.0.3202.89 Safari/537.36,terminalType=null,terminalName=null,channelId=null,devicesId=null`action=`userid=null`sid=83168d87-6dff-4315-b7c6-b9aaf52536e0_1513654270235`
[2017-12-19 11:31:10] INFO : ip=0:0:0:0:0:0:0:1,url=/error,ua=Mozilla/5.0 (Windows NT 6.1; WOW64) AppleWebKit/537.36 (KHTML, like Gecko) Chrome/62.0.3202.89 Safari/537.36,terminalType=null,terminalName=null,channelId=null,devicesId=null`action=`userid=null`sid=51d75a16-d357-423f-b20c-8760cd8337f3_1513654270245`
[2017-12-19 11:31:10] INFO : ip=0:0:0:0:0:0:0:1,url=/error,ua=Mozilla/5.0 (Windows NT 6.1; WOW64) AppleWebKit/537.36 (KHTML, like Gecko) Chrome/62.0.3202.89 Safari/537.36,terminalType=null,terminalName=null,channelId=null,devicesId=null`action=`userid=null`sid=734149ce-7b08-4a75-80b5-286da065f279_1513654270254`
[2017-12-19 11:31:10] INFO : ip=0:0:0:0:0:0:0:1,url=/error,ua=Mozilla/5.0 (Windows NT 6.1; WOW64) AppleWebKit/537.36 (KHTML, like Gecko) Chrome/62.0.3202.89 Safari/537.36,terminalType=null,terminalName=null,channelId=null,devicesId=null`action=`userid=null`sid=a9560a6f-72be-42d4-ac84-8a7f2a1b3414_1513654270263`
[2017-12-19 11:31:10] INFO : ip=0:0:0:0:0:0:0:1,url=/error,ua=Mozilla/5.0 (Windows NT 6.1; WOW64) AppleWebKit/537.36 (KHTML, like Gecko) Chrome/62.0.3202.89 Safari/537.36,terminalType=null,terminalName=null,channelId=null,devicesId=null`action=`userid=null`sid=a24017b1-c069-469b-864e-28b604ad990c_1513654270271`
[2017-12-19 11:31:10] INFO : ip=0:0:0:0:0:0:0:1,url=/error,ua=Mozilla/5.0 (Windows NT 6.1; WOW64) AppleWebKit/537.36 (KHTML, like Gecko) Chrome/62.0.3202.89 Safari/537.36,terminalType=null,terminalName=null,channelId=null,devicesId=null`action=`userid=null`sid=edf43f09-2010-40db-86a2-c4a22e0baf0f_1513654270279`
[2017-12-19 11:31:10] INFO : ip=0:0:0:0:0:0:0:1,url=/error,ua=Mozilla/5.0 (Windows NT 6.1; WOW64) AppleWebKit/537.36 (KHTML, like Gecko) Chrome/62.0.3202.89 Safari/537.36,terminalType=null,terminalName=null,channelId=null,devicesId=null`action=`userid=null`sid=4de8008f-3f2f-4a61-ac9b-2bdcbe1ae670_1513654270285`
[2017-12-19 11:31:10] INFO : ip=0:0:0:0:0:0:0:1,url=/error,ua=Mozilla/5.0 (Windows NT 6.1; WOW64) AppleWebKit/537.36 (KHTML, like Gecko) Chrome/62.0.3202.89 Safari/537.36,terminalType=null,terminalName=null,channelId=null,devicesId=null`action=`userid=null`sid=ed692d2b-b698-4b64-85a7-c64c001a7d21_1513654270292`
[2017-12-19 11:31:10] INFO : ip=0:0:0:0:0:0:0:1,url=/error,ua=Mozilla/5.0 (Windows NT 6.1; WOW64) AppleWebKit/537.36 (KHTML, like Gecko) Chrome/62.0.3202.89 Safari/537.36,terminalType=null,terminalName=null,channelId=null,devicesId=null`action=`userid=null`sid=7400dd52-c706-40e0-8f20-d4950f4a9261_1513654270298`
